Info 0    [12:05:43.636] Starting TS Server
Info 1    [12:05:43.636] Version: 4.1.2
Info 2    [12:05:43.636] Arguments: /Users/seijiro-ozawa/.nodenv/versions/12.16.0/bin/node /Users/seijiro-ozawa/.nodenv/versions/12.16.0/bin/tsserver --logFile /Users/seijiro-ozawa/go/src/github.com/iact-cogmo/lerna-repo/.log/tsserver.log --logVerbosity info --cancellationPipeName /private/var/folders/lj/yc0k98js5w7_7ypd45vg7xrrf7sh29/T/863ae6278fa14acfa6f88bd483833b31/tscancellation*
Info 3    [12:05:43.636] Platform: darwin NodeVersion: 12 CaseSensitive: false
Info 4    [12:05:43.636] ServerMode: undefined syntaxOnly: false hasUnknownServerMode: undefined
Info 5    [12:05:43.648] Search path: /Users/seijiro-ozawa/go/src/github.com/iact-cogmo/lerna-repo/services/server
Info 6    [12:05:43.649] For info: /Users/seijiro-ozawa/go/src/github.com/iact-cogmo/lerna-repo/services/server/webpack.config.js :: No config files found.
Info 7    [12:05:43.652] Starting updateGraphWorker: Project: /dev/null/inferredProject1*
Info 8    [12:05:45.305] Finishing updateGraphWorker: Project: /dev/null/inferredProject1* Version: 1 structureChanged: true Elapsed: 1652.8094749999ms
Info 9    [12:05:45.305] Project '/dev/null/inferredProject1*' (Inferred)
Info 10   [12:05:45.305] 	Files (132)

Info 11   [12:05:45.305] -----------------------------------------------
Info 12   [12:05:51.447] Starting updateGraphWorker: Project: /dev/null/inferredProject1*
Info 13   [12:05:52.402] Finishing updateGraphWorker: Project: /dev/null/inferredProject1* Version: 2 structureChanged: true Elapsed: 954.3578299999936ms
Info 14   [12:05:52.402] Project '/dev/null/inferredProject1*' (Inferred)
Info 15   [12:05:52.402] 	Files (341)

Info 16   [12:05:52.402] -----------------------------------------------
Info 17   [12:05:52.838] Starting updateGraphWorker: Project: /dev/null/inferredProject1*
Info 18   [12:05:52.899] Finishing updateGraphWorker: Project: /dev/null/inferredProject1* Version: 3 structureChanged: true Elapsed: 61.16006400005426ms
Info 19   [12:05:52.899] Project '/dev/null/inferredProject1*' (Inferred)
Info 20   [12:05:52.899] 	Files (334)

Info 21   [12:05:52.899] -----------------------------------------------
Info 22   [12:05:53.314] Starting updateGraphWorker: Project: /dev/null/inferredProject1*
Info 23   [12:05:53.319] Finishing updateGraphWorker: Project: /dev/null/inferredProject1* Version: 4 structureChanged: false Elapsed: 4.994241999927908ms
Info 24   [12:05:55.564] Before ensureProjectForOpenFiles:
Info 25   [12:05:55.564] After ensureProjectForOpenFiles:
Info 26   [12:05:55.564] got projects updated in background, updating diagnostics for /Users/seijiro-ozawa/go/src/github.com/iact-cogmo/lerna-repo/services/server/webpack.config.js
Info 27   [12:11:38.442] Search path: /Users/seijiro-ozawa/go/src/github.com/iact-cogmo/lerna-repo/services/server/dist
Info 28   [12:11:38.442] For info: /Users/seijiro-ozawa/go/src/github.com/iact-cogmo/lerna-repo/services/server/dist/bundle.js :: No config files found.
Info 29   [12:11:38.446] Starting updateGraphWorker: Project: /dev/null/inferredProject2*
Info 30   [12:11:38.896] Finishing updateGraphWorker: Project: /dev/null/inferredProject2* Version: 1 structureChanged: true Elapsed: 449.58517099998426ms
Info 31   [12:11:38.896] Project '/dev/null/inferredProject2*' (Inferred)
Info 32   [12:11:38.896] 	Files (132)

Info 33   [12:11:38.896] -----------------------------------------------
Info 34   [12:11:40.240] Starting updateGraphWorker: Project: /dev/null/inferredProject2*
Info 35   [12:11:40.241] Finishing updateGraphWorker: Project: /dev/null/inferredProject2* Version: 2 structureChanged: false Elapsed: 0.9746700000250712ms
Info 36   [12:11:42.486] Before ensureProjectForOpenFiles:
Info 37   [12:11:42.486] After ensureProjectForOpenFiles:
Info 38   [12:11:42.486] got projects updated in background, updating diagnostics for /Users/seijiro-ozawa/go/src/github.com/iact-cogmo/lerna-repo/services/server/webpack.config.js,/Users/seijiro-ozawa/go/src/github.com/iact-cogmo/lerna-repo/services/server/dist/bundle.js
Info 39   [12:24:02.362] Starting updateGraphWorker: Project: /dev/null/inferredProject2*
Info 40   [12:24:02.738] Finishing updateGraphWorker: Project: /dev/null/inferredProject2* Version: 3 structureChanged: false Elapsed: 375.95435999985784ms
Info 41   [12:24:02.738] Different program with same set of files:: structureIsReused:: 2
Info 42   [12:54:03.543] FileWatcher:: Triggered with /users/seijiro-ozawa/go/src/github.com/iact-cogmo/lerna-repo/services/server/package.json 1:: WatchInfo: /users/seijiro-ozawa/go/src/github.com/iact-cogmo/lerna-repo/services/server/package.json 250 undefined Project:  WatchType: package.json file for import suggestions
Info 43   [12:54:03.544] Elapsed:: 1.0547429998405278ms FileWatcher:: Triggered with /users/seijiro-ozawa/go/src/github.com/iact-cogmo/lerna-repo/services/server/package.json 1:: WatchInfo: /users/seijiro-ozawa/go/src/github.com/iact-cogmo/lerna-repo/services/server/package.json 250 undefined Project:  WatchType: package.json file for import suggestions
Info 44   [12:54:04.005] Starting updateGraphWorker: Project: /dev/null/inferredProject1*
Info 45   [12:54:04.014] Finishing updateGraphWorker: Project: /dev/null/inferredProject1* Version: 5 structureChanged: false Elapsed: 8.847732000052929ms
Info 46   [12:54:06.253] Before ensureProjectForOpenFiles:
Info 47   [12:54:06.254] After ensureProjectForOpenFiles:
Info 48   [12:54:06.254] got projects updated in background, updating diagnostics for /Users/seijiro-ozawa/go/src/github.com/iact-cogmo/lerna-repo/services/server/webpack.config.js,/Users/seijiro-ozawa/go/src/github.com/iact-cogmo/lerna-repo/services/server/dist/bundle.js
Info 49   [12:54:44.826] DirectoryWatcher:: Triggered with /users/seijiro-ozawa/go/src/github.com/iact-cogmo/lerna-repo/services/server/node_modules/@packages :: WatchInfo: /users/seijiro-ozawa/go/src/github.com/iact-cogmo/lerna-repo/services/server/node_modules 1 undefined Project:  WatchType: node_modules for closed script infos in them
Info 50   [12:54:44.827] Elapsed:: 0.37365399999544024ms DirectoryWatcher:: Triggered with /users/seijiro-ozawa/go/src/github.com/iact-cogmo/lerna-repo/services/server/node_modules/@packages :: WatchInfo: /users/seijiro-ozawa/go/src/github.com/iact-cogmo/lerna-repo/services/server/node_modules 1 undefined Project:  WatchType: node_modules for closed script infos in them
Info 51   [12:54:44.827] DirectoryWatcher:: Triggered with /users/seijiro-ozawa/go/src/github.com/iact-cogmo/lerna-repo/services/server/node_modules/@packages/logger :: WatchInfo: /users/seijiro-ozawa/go/src/github.com/iact-cogmo/lerna-repo/services/server/node_modules 1 undefined Project:  WatchType: node_modules for closed script infos in them
Info 52   [12:54:44.827] Elapsed:: 0.0900599998421967ms DirectoryWatcher:: Triggered with /users/seijiro-ozawa/go/src/github.com/iact-cogmo/lerna-repo/services/server/node_modules/@packages/logger :: WatchInfo: /users/seijiro-ozawa/go/src/github.com/iact-cogmo/lerna-repo/services/server/node_modules 1 undefined Project:  WatchType: node_modules for closed script infos in them
Info 53   [12:54:44.827] DirectoryWatcher:: Triggered with /Users/seijiro-ozawa/go/src/github.com/iact-cogmo/lerna-repo/services/server/node_modules/@packages :: WatchInfo: /Users/seijiro-ozawa/go/src/github.com/iact-cogmo/lerna-repo/services/server/node_modules 1 undefined Project: /dev/null/inferredProject1* WatchType: Failed Lookup Locations
Info 54   [12:54:44.827] Elapsed:: 0.19184699980542064ms DirectoryWatcher:: Triggered with /Users/seijiro-ozawa/go/src/github.com/iact-cogmo/lerna-repo/services/server/node_modules/@packages :: WatchInfo: /Users/seijiro-ozawa/go/src/github.com/iact-cogmo/lerna-repo/services/server/node_modules 1 undefined Project: /dev/null/inferredProject1* WatchType: Failed Lookup Locations
Info 55   [12:54:44.827] DirectoryWatcher:: Triggered with /Users/seijiro-ozawa/go/src/github.com/iact-cogmo/lerna-repo/services/server/node_modules/@packages/logger :: WatchInfo: /Users/seijiro-ozawa/go/src/github.com/iact-cogmo/lerna-repo/services/server/node_modules 1 undefined Project: /dev/null/inferredProject1* WatchType: Failed Lookup Locations
Info 56   [12:54:44.827] Elapsed:: 0.06827200017869473ms DirectoryWatcher:: Triggered with /Users/seijiro-ozawa/go/src/github.com/iact-cogmo/lerna-repo/services/server/node_modules/@packages/logger :: WatchInfo: /Users/seijiro-ozawa/go/src/github.com/iact-cogmo/lerna-repo/services/server/node_modules 1 undefined Project: /dev/null/inferredProject1* WatchType: Failed Lookup Locations
Info 57   [12:54:44.827] DirectoryWatcher:: Triggered with /Users/seijiro-ozawa/go/src/github.com/iact-cogmo/lerna-repo/services/server/node_modules/@packages :: WatchInfo: /Users/seijiro-ozawa/go/src/github.com/iact-cogmo/lerna-repo/services/server/node_modules 1 undefined Project: /dev/null/inferredProject2* WatchType: Failed Lookup Locations
Info 58   [12:54:44.827] Elapsed:: 0.02992000011727214ms DirectoryWatcher:: Triggered with /Users/seijiro-ozawa/go/src/github.com/iact-cogmo/lerna-repo/services/server/node_modules/@packages :: WatchInfo: /Users/seijiro-ozawa/go/src/github.com/iact-cogmo/lerna-repo/services/server/node_modules 1 undefined Project: /dev/null/inferredProject2* WatchType: Failed Lookup Locations
Info 59   [12:54:44.827] DirectoryWatcher:: Triggered with /Users/seijiro-ozawa/go/src/github.com/iact-cogmo/lerna-repo/services/server/node_modules/@packages/logger :: WatchInfo: /Users/seijiro-ozawa/go/src/github.com/iact-cogmo/lerna-repo/services/server/node_modules 1 undefined Project: /dev/null/inferredProject2* WatchType: Failed Lookup Locations
Info 60   [12:54:44.827] Elapsed:: 0.018503000028431416ms DirectoryWatcher:: Triggered with /Users/seijiro-ozawa/go/src/github.com/iact-cogmo/lerna-repo/services/server/node_modules/@packages/logger :: WatchInfo: /Users/seijiro-ozawa/go/src/github.com/iact-cogmo/lerna-repo/services/server/node_modules 1 undefined Project: /dev/null/inferredProject2* WatchType: Failed Lookup Locations
Info 61   [12:54:45.293] Starting updateGraphWorker: Project: /dev/null/inferredProject1*
Info 62   [12:54:45.299] Finishing updateGraphWorker: Project: /dev/null/inferredProject1* Version: 6 structureChanged: false Elapsed: 6.070441999938339ms
Info 63   [12:54:46.061] FileWatcher:: Triggered with /users/seijiro-ozawa/go/src/github.com/iact-cogmo/lerna-repo/services/server/package.json 1:: WatchInfo: /users/seijiro-ozawa/go/src/github.com/iact-cogmo/lerna-repo/services/server/package.json 250 undefined Project:  WatchType: package.json file for import suggestions
Info 64   [12:54:46.061] Elapsed:: 0.22013399982824922ms FileWatcher:: Triggered with /users/seijiro-ozawa/go/src/github.com/iact-cogmo/lerna-repo/services/server/package.json 1:: WatchInfo: /users/seijiro-ozawa/go/src/github.com/iact-cogmo/lerna-repo/services/server/package.json 250 undefined Project:  WatchType: package.json file for import suggestions
Info 65   [12:54:47.537] Before ensureProjectForOpenFiles:
Info 66   [12:54:47.537] After ensureProjectForOpenFiles:
Info 67   [12:54:47.537] got projects updated in background, updating diagnostics for /Users/seijiro-ozawa/go/src/github.com/iact-cogmo/lerna-repo/services/server/webpack.config.js,/Users/seijiro-ozawa/go/src/github.com/iact-cogmo/lerna-repo/services/server/dist/bundle.js
Info 68   [12:55:03.304] Search path: /Users/seijiro-ozawa/go/src/github.com/iact-cogmo/lerna-repo/packages/logger/lib
Info 69   [12:55:03.305] For info: /Users/seijiro-ozawa/go/src/github.com/iact-cogmo/lerna-repo/packages/logger/lib/logger.js :: No config files found.
Info 70   [12:55:03.309] Starting updateGraphWorker: Project: /dev/null/inferredProject3*
Info 71   [12:55:03.344] Finishing updateGraphWorker: Project: /dev/null/inferredProject3* Version: 1 structureChanged: true Elapsed: 34.76319099962711ms
Info 72   [12:55:03.344] Project '/dev/null/inferredProject3*' (Inferred)
Info 73   [12:55:03.344] 	Files (6)

Info 74   [12:55:03.344] -----------------------------------------------
Info 75   [12:55:03.505] Starting updateGraphWorker: Project: /dev/null/inferredProject3*
Info 76   [12:55:03.506] Finishing updateGraphWorker: Project: /dev/null/inferredProject3* Version: 2 structureChanged: false Elapsed: 0.16694499971345067ms
Info 77   [12:55:05.951] Before ensureProjectForOpenFiles:
Info 78   [12:55:05.951] After ensureProjectForOpenFiles:
Info 79   [12:55:05.951] got projects updated in background, updating diagnostics for /Users/seijiro-ozawa/go/src/github.com/iact-cogmo/lerna-repo/services/server/webpack.config.js,/Users/seijiro-ozawa/go/src/github.com/iact-cogmo/lerna-repo/services/server/dist/bundle.js,/Users/seijiro-ozawa/go/src/github.com/iact-cogmo/lerna-repo/packages/logger/lib/logger.js
Info 80   [12:55:06.899] Starting updateGraphWorker: Project: /dev/null/inferredProject3*
Info 81   [12:55:06.904] Finishing updateGraphWorker: Project: /dev/null/inferredProject3* Version: 3 structureChanged: false Elapsed: 5.0955969998613ms
Info 82   [12:55:06.904] Different program with same set of files:: structureIsReused:: 2
Info 83   [12:55:06.999] getCompletionData: Get current token: 0.02192500000819564
Info 84   [12:55:07.000] getCompletionData: Is inside comment: 0.010511999949812889
Info 85   [12:55:07.000] getCompletionData: Get previous token 1: 0.08544000005349517
Info 86   [12:55:07.000] getCompletionsAtPosition: isCompletionListBlocker: 0.409961000084877
Info 87   [12:55:07.006] getSymbolsFromOtherSourceFileExports: Recomputing list
Info 88   [12:55:07.006] forEachExternalModuleToImportFrom: filtered out 0 modules by package.json contents
Info 89   [12:55:07.007] getSymbolsFromOtherSourceFileExports: 0.9012630004435778
Info 90   [12:55:07.008] getCompletionData: Semantic work: 7.966533000115305
Info 91   [12:55:07.020] getCompletionsAtPosition: getCompletionEntriesFromSymbols: 10.701082000043243
Info 92   [12:55:07.828] Starting updateGraphWorker: Project: /dev/null/inferredProject3*
Info 93   [12:55:07.834] Finishing updateGraphWorker: Project: /dev/null/inferredProject3* Version: 4 structureChanged: false Elapsed: 6.04081099992618ms
Info 94   [12:55:07.834] Different program with same set of files:: structureIsReused:: 2
Info 95   [12:55:08.097] Starting updateGraphWorker: Project: /dev/null/inferredProject3*
Info 96   [12:55:08.099] Finishing updateGraphWorker: Project: /dev/null/inferredProject3* Version: 5 structureChanged: false Elapsed: 2.709377999883145ms
Info 97   [12:55:08.099] Different program with same set of files:: structureIsReused:: 2
Info 98   [12:55:08.197] getCompletionData: Get current token: 0.012937999796122313
Info 99   [12:55:08.198] getCompletionData: Is inside comment: 0.007375000044703484
Info 100  [12:55:08.198] getCompletionData: Get previous token 1: 0.04191200016066432
Info 101  [12:55:08.198] getCompletionsAtPosition: isCompletionListBlocker: 0.021452000364661217
Info 102  [12:55:08.203] getSymbolsFromOtherSourceFileExports: Using cached list
Info 103  [12:55:08.205] getCompletionData: Semantic work: 7.426434999797493
Info 104  [12:55:08.212] getCompletionsAtPosition: getCompletionEntriesFromSymbols: 6.548198999837041
Info 105  [12:55:08.218] getCompletionData: Get current token: 0.010991000104695559
Info 106  [12:55:08.218] getCompletionData: Is inside comment: 0.005588000174611807
Info 107  [12:55:08.218] getCompletionData: Get previous token 1: 0.03475000010803342
Info 108  [12:55:08.218] getCompletionsAtPosition: isCompletionListBlocker: 0.021681000012904406
Info 109  [12:55:08.224] getSymbolsFromOtherSourceFileExports: Using cached list
Info 110  [12:55:08.224] getCompletionData: Semantic work: 5.752036000136286
Info 111  [12:55:08.233] getCompletionsAtPosition: getCompletionEntriesFromSymbols: 8.339529999997467
Info 112  [12:55:08.238] getCompletionData: Get current token: 0.015466999728232622
Info 113  [12:55:08.238] getCompletionData: Is inside comment: 0.0055740000680089
Info 114  [12:55:08.238] getCompletionData: Get previous token 1: 0.032073999755084515
Info 115  [12:55:08.238] getCompletionsAtPosition: isCompletionListBlocker: 0.02539800014346838
Info 116  [12:55:08.242] getSymbolsFromOtherSourceFileExports: Using cached list
Info 117  [12:55:08.242] getCompletionData: Semantic work: 4.492901999969035
Info 118  [12:55:08.248] getCompletionsAtPosition: getCompletionEntriesFromSymbols: 5.771093999966979
Info 119  [12:55:08.402] Starting updateGraphWorker: Project: /dev/null/inferredProject3*
Info 120  [12:55:08.404] Finishing updateGraphWorker: Project: /dev/null/inferredProject3* Version: 6 structureChanged: false Elapsed: 2.1915239999070764ms
Info 121  [12:55:08.404] Different program with same set of files:: structureIsReused:: 2
Info 122  [12:55:09.470] Starting updateGraphWorker: Project: /dev/null/inferredProject3*
Info 123  [12:55:09.472] Finishing updateGraphWorker: Project: /dev/null/inferredProject3* Version: 7 structureChanged: false Elapsed: 1.9166179997846484ms
Info 124  [12:55:09.472] Different program with same set of files:: structureIsReused:: 2
Info 125  [12:55:09.611] getCompletionData: Get current token: 0.01382899982854724
Info 126  [12:55:09.612] getCompletionData: Is inside comment: 0.010087000206112862
Info 127  [12:55:09.612] getCompletionData: Get previous token 1: 0.03507600026205182
Info 128  [12:55:09.612] getCompletionData: Get previous token 2: 0.03199999965727329
Info 129  [12:55:09.612] getCompletionsAtPosition: isCompletionListBlocker: 0.03220900008454919
Info 130  [12:55:09.616] getSymbolsFromOtherSourceFileExports: Using cached list
Info 131  [12:55:09.618] getCompletionData: Semantic work: 5.8254329999908805
Info 132  [12:55:09.624] getCompletionsAtPosition: getCompletionEntriesFromSymbols: 4.846272999886423
Info 133  [12:55:09.634] getCompletionData: Get current token: 0.009655999951064587
Info 134  [12:55:09.634] getCompletionData: Is inside comment: 0.004222000017762184
Info 135  [12:55:09.634] getCompletionData: Get previous token 1: 0.028983000200241804
Info 136  [12:55:09.634] getCompletionData: Get previous token 2: 0.02630099980160594
Info 137  [12:55:09.634] getCompletionsAtPosition: isCompletionListBlocker: 0.01027899980545044
Info 138  [12:55:09.636] getSymbolsFromOtherSourceFileExports: Using cached list
Info 139  [12:55:09.637] getCompletionData: Semantic work: 3.23287699976936
Info 140  [12:55:09.641] getCompletionsAtPosition: getCompletionEntriesFromSymbols: 3.9720809999853373
Info 141  [12:55:09.644] getCompletionData: Get current token: 0.008429999928921461
Info 142  [12:55:09.644] getCompletionData: Is inside comment: 0.0038270000368356705
Info 143  [12:55:09.644] getCompletionData: Get previous token 1: 0.031421999912709
Info 144  [12:55:09.644] getCompletionData: Get previous token 2: 0.025111999828368425
Info 145  [12:55:09.645] getCompletionsAtPosition: isCompletionListBlocker: 0.008661000058054924
Info 146  [12:55:09.647] getSymbolsFromOtherSourceFileExports: Using cached list
Info 147  [12:55:09.647] getCompletionData: Semantic work: 2.2533859997056425
Info 148  [12:55:09.653] getCompletionsAtPosition: getCompletionEntriesFromSymbols: 4.626591000240296
Info 149  [12:55:10.428] Starting updateGraphWorker: Project: /dev/null/inferredProject3*
Info 150  [12:55:10.432] Finishing updateGraphWorker: Project: /dev/null/inferredProject3* Version: 8 structureChanged: false Elapsed: 4.01351199997589ms
Info 151  [12:55:10.432] Different program with same set of files:: structureIsReused:: 2
Info 152  [12:55:10.685] Starting updateGraphWorker: Project: /dev/null/inferredProject3*
Info 153  [12:55:10.687] Finishing updateGraphWorker: Project: /dev/null/inferredProject3* Version: 9 structureChanged: false Elapsed: 2.066107999999076ms
Info 154  [12:55:10.687] Different program with same set of files:: structureIsReused:: 2
Info 155  [12:55:10.711] Starting updateGraphWorker: Project: /dev/null/inferredProject3*
Info 156  [12:55:10.713] Finishing updateGraphWorker: Project: /dev/null/inferredProject3* Version: 10 structureChanged: false Elapsed: 1.5864989999681711ms
Info 157  [12:55:10.713] Different program with same set of files:: structureIsReused:: 2
Info 158  [12:55:12.817] Starting updateGraphWorker: Project: /dev/null/inferredProject3*
Info 159  [12:55:12.819] Finishing updateGraphWorker: Project: /dev/null/inferredProject3* Version: 11 structureChanged: false Elapsed: 2.523116999771446ms
Info 160  [12:55:12.819] Different program with same set of files:: structureIsReused:: 2
Info 161  [12:55:13.108] Starting updateGraphWorker: Project: /dev/null/inferredProject3*
Info 162  [12:55:13.111] Finishing updateGraphWorker: Project: /dev/null/inferredProject3* Version: 12 structureChanged: false Elapsed: 3.1124950000084937ms
Info 163  [12:55:13.111] Different program with same set of files:: structureIsReused:: 2
Info 164  [12:55:16.027] Starting updateGraphWorker: Project: /dev/null/inferredProject3*
Info 165  [12:55:16.029] Finishing updateGraphWorker: Project: /dev/null/inferredProject3* Version: 13 structureChanged: false Elapsed: 2.072047000285238ms
Info 166  [12:55:16.029] Different program with same set of files:: structureIsReused:: 2
Info 167  [12:55:16.366] Starting updateGraphWorker: Project: /dev/null/inferredProject3*
Info 168  [12:55:16.367] Finishing updateGraphWorker: Project: /dev/null/inferredProject3* Version: 14 structureChanged: false Elapsed: 1.4533800003118813ms
Info 169  [12:55:16.367] Different program with same set of files:: structureIsReused:: 2
Info 170  [12:55:16.669] getCompletionData: Get current token: 0.01358299981802702
Info 171  [12:55:16.669] getCompletionData: Is inside comment: 0.007280000019818544
Info 172  [12:55:16.669] getCompletionData: Get previous token 1: 0.0366609999909997
Info 173  [12:55:16.669] getCompletionsAtPosition: isCompletionListBlocker: 0.02369000017642975
Info 174  [12:55:16.674] getSymbolsFromOtherSourceFileExports: Using cached list
Info 175  [12:55:16.676] getCompletionData: Semantic work: 6.593588000163436
Info 176  [12:55:16.679] getCompletionsAtPosition: getCompletionEntriesFromSymbols: 2.904312999919057
Info 177  [12:55:17.112] Starting updateGraphWorker: Project: /dev/null/inferredProject3*
Info 178  [12:55:17.114] Finishing updateGraphWorker: Project: /dev/null/inferredProject3* Version: 15 structureChanged: false Elapsed: 2.0216880002990365ms
Info 179  [12:55:17.114] Different program with same set of files:: structureIsReused:: 2
Info 180  [12:55:17.435] Starting updateGraphWorker: Project: /dev/null/inferredProject3*
Info 181  [12:55:17.436] Finishing updateGraphWorker: Project: /dev/null/inferredProject3* Version: 16 structureChanged: false Elapsed: 1.52947699977085ms
Info 182  [12:55:17.436] Different program with same set of files:: structureIsReused:: 2
Info 183  [12:55:17.990] Starting updateGraphWorker: Project: /dev/null/inferredProject3*
Info 184  [12:55:17.992] Finishing updateGraphWorker: Project: /dev/null/inferredProject3* Version: 17 structureChanged: false Elapsed: 2.081581000238657ms
Info 185  [12:55:17.992] Different program with same set of files:: structureIsReused:: 2
Info 186  [12:55:27.228] Search path: /Users/seijiro-ozawa/go/src/github.com/iact-cogmo/lerna-repo/services/server/lib
Info 187  [12:55:27.228] For info: /Users/seijiro-ozawa/go/src/github.com/iact-cogmo/lerna-repo/services/server/lib/server.js :: No config files found.
Info 188  [12:55:27.229] Starting updateGraphWorker: Project: /dev/null/inferredProject4*
Info 189  [12:55:27.400] Finishing updateGraphWorker: Project: /dev/null/inferredProject4* Version: 1 structureChanged: true Elapsed: 171.27659500017762ms
Info 190  [12:55:27.400] Project '/dev/null/inferredProject4*' (Inferred)
Info 191  [12:55:27.400] 	Files (140)

Info 192  [12:55:27.400] -----------------------------------------------
Info 193  [12:55:27.627] Starting updateGraphWorker: Project: /dev/null/inferredProject4*
Info 194  [12:55:27.628] Finishing updateGraphWorker: Project: /dev/null/inferredProject4* Version: 2 structureChanged: false Elapsed: 0.9078250001184642ms
Info 195  [12:55:29.872] Starting updateGraphWorker: Project: /dev/null/inferredProject4*
Info 196  [12:55:29.904] Finishing updateGraphWorker: Project: /dev/null/inferredProject4* Version: 3 structureChanged: false Elapsed: 31.924879000056535ms
Info 197  [12:55:29.904] Different program with same set of files:: structureIsReused:: 2
Info 198  [12:55:30.127] Before ensureProjectForOpenFiles:
Info 199  [12:55:30.127] After ensureProjectForOpenFiles:
Info 200  [12:55:30.127] got projects updated in background, updating diagnostics for /Users/seijiro-ozawa/go/src/github.com/iact-cogmo/lerna-repo/services/server/webpack.config.js,/Users/seijiro-ozawa/go/src/github.com/iact-cogmo/lerna-repo/services/server/dist/bundle.js,/Users/seijiro-ozawa/go/src/github.com/iact-cogmo/lerna-repo/packages/logger/lib/logger.js,/Users/seijiro-ozawa/go/src/github.com/iact-cogmo/lerna-repo/services/server/lib/server.js
Info 201  [12:55:30.704] Starting updateGraphWorker: Project: /dev/null/inferredProject4*
Info 202  [12:55:30.727] Finishing updateGraphWorker: Project: /dev/null/inferredProject4* Version: 4 structureChanged: false Elapsed: 23.24866099981591ms
Info 203  [12:55:30.727] Different program with same set of files:: structureIsReused:: 2
Info 204  [12:55:30.807] getCompletionData: Get current token: 0.016650000121444464
Info 205  [12:55:30.807] getCompletionData: Is inside comment: 0.03820500010624528
Info 206  [12:55:30.807] getCompletionData: Get previous token 1: 0.021840000059455633
Info 207  [12:55:30.808] getCompletionData: Get previous token 2: 0.20997000019997358
Info 208  [12:55:30.808] getCompletionsAtPosition: isCompletionListBlocker: 0.05415700003504753
Info 209  [12:55:30.814] getSymbolsFromOtherSourceFileExports: Recomputing list
Info 210  [12:55:30.821] forEachExternalModuleToImportFrom: filtered out 53 modules by package.json contents
Info 211  [12:55:30.829] getSymbolsFromOtherSourceFileExports: 14.122432000003755
Info 212  [12:55:30.830] getCompletionData: Semantic work: 22.079590999986976
Info 213  [12:55:30.835] getCompletionsAtPosition: getCompletionEntriesFromSymbols: 5.084621999878436
Info 214  [12:55:30.940] Starting updateGraphWorker: Project: /dev/null/inferredProject4*
Info 215  [12:55:30.961] Finishing updateGraphWorker: Project: /dev/null/inferredProject4* Version: 5 structureChanged: false Elapsed: 21.308222000021487ms
Info 216  [12:55:30.961] Different program with same set of files:: structureIsReused:: 2
Info 217  [12:55:31.349] Starting updateGraphWorker: Project: /dev/null/inferredProject4*
Info 218  [12:55:31.378] Finishing updateGraphWorker: Project: /dev/null/inferredProject4* Version: 6 structureChanged: false Elapsed: 29.079522999934852ms
Info 219  [12:55:31.378] Different program with same set of files:: structureIsReused:: 2
Info 220  [12:55:31.604] Starting updateGraphWorker: Project: /dev/null/inferredProject4*
Info 221  [12:55:31.628] Finishing updateGraphWorker: Project: /dev/null/inferredProject4* Version: 7 structureChanged: false Elapsed: 24.4054270000197ms
Info 222  [12:55:31.628] Different program with same set of files:: structureIsReused:: 2
Info 223  [12:55:31.880] Starting updateGraphWorker: Project: /dev/null/inferredProject4*
Info 224  [12:55:31.905] Finishing updateGraphWorker: Project: /dev/null/inferredProject4* Version: 8 structureChanged: false Elapsed: 24.610523999668658ms
Info 225  [12:55:31.905] Different program with same set of files:: structureIsReused:: 2
Info 226  [12:55:33.367] Starting updateGraphWorker: Project: /dev/null/inferredProject4*
Info 227  [12:55:33.390] Finishing updateGraphWorker: Project: /dev/null/inferredProject4* Version: 9 structureChanged: false Elapsed: 23.16109700035304ms
Info 228  [12:55:33.390] Different program with same set of files:: structureIsReused:: 2
Info 229  [12:55:33.677] Starting updateGraphWorker: Project: /dev/null/inferredProject4*
Info 230  [12:55:33.701] Finishing updateGraphWorker: Project: /dev/null/inferredProject4* Version: 10 structureChanged: false Elapsed: 24.35038199974224ms
Info 231  [12:55:33.701] Different program with same set of files:: structureIsReused:: 2
Info 232  [12:55:34.733] Starting updateGraphWorker: Project: /dev/null/inferredProject4*
Info 233  [12:55:34.762] Finishing updateGraphWorker: Project: /dev/null/inferredProject4* Version: 11 structureChanged: false Elapsed: 29.06678899982944ms
Info 234  [12:55:34.763] Different program with same set of files:: structureIsReused:: 2
Info 235  [12:55:34.788] Starting updateGraphWorker: Project: /dev/null/inferredProject4*
Info 236  [12:55:34.823] Finishing updateGraphWorker: Project: /dev/null/inferredProject4* Version: 12 structureChanged: false Elapsed: 34.808874000329524ms
Info 237  [12:55:34.823] Different program with same set of files:: structureIsReused:: 2
Info 238  [12:55:35.098] Starting updateGraphWorker: Project: /dev/null/inferredProject4*
Info 239  [12:55:35.124] Finishing updateGraphWorker: Project: /dev/null/inferredProject4* Version: 13 structureChanged: false Elapsed: 25.797799000050873ms
Info 240  [12:55:35.124] Different program with same set of files:: structureIsReused:: 2
Info 241  [12:55:35.634] Starting updateGraphWorker: Project: /dev/null/inferredProject4*
Info 242  [12:55:35.668] Finishing updateGraphWorker: Project: /dev/null/inferredProject4* Version: 14 structureChanged: false Elapsed: 33.87684400007129ms
Info 243  [12:55:35.668] Different program with same set of files:: structureIsReused:: 2
Info 244  [12:55:36.095] Starting updateGraphWorker: Project: /dev/null/inferredProject4*
Info 245  [12:55:36.121] Finishing updateGraphWorker: Project: /dev/null/inferredProject4* Version: 15 structureChanged: false Elapsed: 26.406068000011146ms
Info 246  [12:55:36.121] Different program with same set of files:: structureIsReused:: 2
Info 247  [12:55:36.289] Starting updateGraphWorker: Project: /dev/null/inferredProject4*
Info 248  [12:55:36.326] Finishing updateGraphWorker: Project: /dev/null/inferredProject4* Version: 16 structureChanged: true Elapsed: 36.90113199967891ms
Info 249  [12:55:36.326] Different program with same set of files:: structureIsReused:: 1
Info 250  [12:55:36.491] Starting updateGraphWorker: Project: /dev/null/inferredProject4*
Info 251  [12:55:36.526] Finishing updateGraphWorker: Project: /dev/null/inferredProject4* Version: 17 structureChanged: true Elapsed: 34.16791999991983ms
Info 252  [12:55:36.526] Different program with same set of files:: structureIsReused:: 1
Info 253  [12:55:36.906] Starting updateGraphWorker: Project: /dev/null/inferredProject4*
Info 254  [12:55:36.951] Finishing updateGraphWorker: Project: /dev/null/inferredProject4* Version: 18 structureChanged: true Elapsed: 44.43325599981472ms
Info 255  [12:55:36.951] Different program with same set of files:: structureIsReused:: 1
Info 256  [12:55:37.100] Starting updateGraphWorker: Project: /dev/null/inferredProject4*
Info 257  [12:55:37.136] Finishing updateGraphWorker: Project: /dev/null/inferredProject4* Version: 19 structureChanged: true Elapsed: 36.703327000141144ms
Info 258  [12:55:37.136] Different program with same set of files:: structureIsReused:: 1
Info 259  [12:55:37.347] Starting updateGraphWorker: Project: /dev/null/inferredProject4*
Info 260  [12:55:37.381] Finishing updateGraphWorker: Project: /dev/null/inferredProject4* Version: 20 structureChanged: true Elapsed: 33.811532999854535ms
Info 261  [12:55:37.381] Different program with same set of files:: structureIsReused:: 1
Info 262  [12:55:37.550] Starting updateGraphWorker: Project: /dev/null/inferredProject4*
Info 263  [12:55:37.586] Finishing updateGraphWorker: Project: /dev/null/inferredProject4* Version: 21 structureChanged: true Elapsed: 35.830661999993026ms
Info 264  [12:55:37.586] Different program with same set of files:: structureIsReused:: 1
Info 265  [12:55:39.991] Before ensureProjectForOpenFiles:
Info 266  [12:55:39.992] Starting updateGraphWorker: Project: /dev/null/inferredProject4*
Info 267  [12:55:40.026] Finishing updateGraphWorker: Project: /dev/null/inferredProject4* Version: 22 structureChanged: false Elapsed: 34.213653000071645ms
Info 268  [12:55:40.026] Different program with same set of files:: structureIsReused:: 2
Info 269  [12:55:40.026] After ensureProjectForOpenFiles:
Info 270  [12:55:40.026] got projects updated in background, updating diagnostics for /Users/seijiro-ozawa/go/src/github.com/iact-cogmo/lerna-repo/services/server/webpack.config.js,/Users/seijiro-ozawa/go/src/github.com/iact-cogmo/lerna-repo/services/server/dist/bundle.js,/Users/seijiro-ozawa/go/src/github.com/iact-cogmo/lerna-repo/packages/logger/lib/logger.js,/Users/seijiro-ozawa/go/src/github.com/iact-cogmo/lerna-repo/services/server/lib/server.js
Info 271  [12:55:40.026] Starting updateGraphWorker: Project: /dev/null/inferredProject4*
Info 272  [12:55:40.066] Finishing updateGraphWorker: Project: /dev/null/inferredProject4* Version: 23 structureChanged: true Elapsed: 39.79945500008762ms
Info 273  [12:55:40.066] Different program with same set of files:: structureIsReused:: 1
Info 274  [12:55:40.194] Starting updateGraphWorker: Project: /dev/null/inferredProject4*
Info 275  [12:55:40.229] Finishing updateGraphWorker: Project: /dev/null/inferredProject4* Version: 24 structureChanged: true Elapsed: 34.83882599975914ms
Info 276  [12:55:40.229] Different program with same set of files:: structureIsReused:: 1
Info 277  [12:55:40.320] Starting updateGraphWorker: Project: /dev/null/inferredProject4*
Info 278  [12:55:40.359] Finishing updateGraphWorker: Project: /dev/null/inferredProject4* Version: 25 structureChanged: true Elapsed: 38.39120800001547ms
Info 279  [12:55:40.359] Project '/dev/null/inferredProject4*' (Inferred)
Info 280  [12:55:40.359] 	Files (141)

Info 281  [12:55:40.359] -----------------------------------------------
Info 282  [12:55:40.522] Starting updateGraphWorker: Project: /dev/null/inferredProject4*
Info 283  [12:55:40.562] Finishing updateGraphWorker: Project: /dev/null/inferredProject4* Version: 26 structureChanged: true Elapsed: 39.695666000247ms
Info 284  [12:55:40.562] Different program with same set of files:: structureIsReused:: 1
Info 285  [12:55:40.623] getCompletionData: Get current token: 0.009134000167250633
Info 286  [12:55:40.623] getCompletionData: Is inside comment: 0.0042779999785125256
Info 287  [12:55:40.623] getCompletionData: Get previous token 1: 0.02727800002321601
Info 288  [12:55:40.623] getCompletionsAtPosition: isCompletionListBlocker: 0.01710100006312132
Info 289  [12:55:40.632] getSymbolsFromOtherSourceFileExports: Recomputing list
Info 290  [12:55:40.638] forEachExternalModuleToImportFrom: filtered out 53 modules by package.json contents
Info 291  [12:55:40.645] getSymbolsFromOtherSourceFileExports: 13.82091399980709
Info 292  [12:55:40.647] getCompletionData: Semantic work: 23.40587199991569
Info 293  [12:55:40.653] getCompletionsAtPosition: getCompletionEntriesFromSymbols: 5.296449999790639
Info 294  [12:55:42.967] Before ensureProjectForOpenFiles:
Info 295  [12:55:42.970] Starting updateGraphWorker: Project: /dev/null/inferredProject3*
Info 296  [12:55:42.972] Finishing updateGraphWorker: Project: /dev/null/inferredProject3* Version: 18 structureChanged: true Elapsed: 2.139885999727994ms
Info 297  [12:55:42.972] Project '/dev/null/inferredProject3*' (Inferred)
Info 298  [12:55:42.972] 	Files (0)

Info 299  [12:55:42.972] -----------------------------------------------
Info 300  [12:55:42.972] After ensureProjectForOpenFiles:
Info 301  [12:55:42.973] got projects updated in background, updating diagnostics for /Users/seijiro-ozawa/go/src/github.com/iact-cogmo/lerna-repo/services/server/webpack.config.js,/Users/seijiro-ozawa/go/src/github.com/iact-cogmo/lerna-repo/services/server/dist/bundle.js,/Users/seijiro-ozawa/go/src/github.com/iact-cogmo/lerna-repo/packages/logger/lib/logger.js,/Users/seijiro-ozawa/go/src/github.com/iact-cogmo/lerna-repo/services/server/lib/server.js
Info 302  [12:55:43.329] Starting updateGraphWorker: Project: /dev/null/inferredProject3*
Info 303  [12:55:43.329] Finishing updateGraphWorker: Project: /dev/null/inferredProject3* Version: 19 structureChanged: false Elapsed: 0.08171100029721856ms
Info 304  [12:55:44.889] Starting updateGraphWorker: Project: /dev/null/inferredProject4*
Info 305  [12:55:44.916] Finishing updateGraphWorker: Project: /dev/null/inferredProject4* Version: 27 structureChanged: false Elapsed: 27.25038699992001ms
Info 306  [12:55:44.916] Different program with same set of files:: structureIsReused:: 2
Info 307  [12:55:45.582] Before ensureProjectForOpenFiles:
Info 308  [12:55:45.583] Starting updateGraphWorker: Project: /dev/null/inferredProject4*
Info 309  [12:55:45.601] Finishing updateGraphWorker: Project: /dev/null/inferredProject4* Version: 28 structureChanged: false Elapsed: 18.117064000107348ms
Info 310  [12:55:45.601] Different program with same set of files:: structureIsReused:: 2
Info 311  [12:55:45.601] After ensureProjectForOpenFiles:
Info 312  [12:55:45.601] got projects updated in background, updating diagnostics for /Users/seijiro-ozawa/go/src/github.com/iact-cogmo/lerna-repo/services/server/webpack.config.js,/Users/seijiro-ozawa/go/src/github.com/iact-cogmo/lerna-repo/services/server/dist/bundle.js,/Users/seijiro-ozawa/go/src/github.com/iact-cogmo/lerna-repo/packages/logger/lib/logger.js,/Users/seijiro-ozawa/go/src/github.com/iact-cogmo/lerna-repo/services/server/lib/server.js
Info 313  [12:55:45.860] Starting updateGraphWorker: Project: /dev/null/inferredProject4*
Info 314  [12:55:45.885] Finishing updateGraphWorker: Project: /dev/null/inferredProject4* Version: 29 structureChanged: false Elapsed: 24.664708000142127ms
Info 315  [12:55:45.885] Different program with same set of files:: structureIsReused:: 2
Info 316  [12:55:45.960] getCompletionData: Get current token: 0.022477000020444393
Info 317  [12:55:45.960] getCompletionData: Is inside comment: 0.04014699999243021
Info 318  [12:55:45.960] getCompletionData: Get previous token 1: 0.025400999933481216
Info 319  [12:55:45.960] getCompletionData: Get previous token 2: 0.14218199998140335
Info 320  [12:55:45.960] getCompletionsAtPosition: isCompletionListBlocker: 0.155906000174582
Info 321  [12:55:45.965] getSymbolsFromOtherSourceFileExports: Using cached list
Info 322  [12:55:45.966] getCompletionData: Semantic work: 5.61363000003621
Info 323  [12:55:45.978] getCompletionsAtPosition: getCompletionEntriesFromSymbols: 11.883998000063002
Info 324  [12:55:46.030] Starting updateGraphWorker: Project: /dev/null/inferredProject4*
Info 325  [12:55:46.067] Finishing updateGraphWorker: Project: /dev/null/inferredProject4* Version: 30 structureChanged: false Elapsed: 36.83843900030479ms
Info 326  [12:55:46.067] Different program with same set of files:: structureIsReused:: 2
Info 327  [12:55:46.470] Starting updateGraphWorker: Project: /dev/null/inferredProject4*
Info 328  [12:55:46.494] Finishing updateGraphWorker: Project: /dev/null/inferredProject4* Version: 31 structureChanged: false Elapsed: 24.48863499984145ms
Info 329  [12:55:46.494] Different program with same set of files:: structureIsReused:: 2
Info 330  [12:55:47.253] Starting updateGraphWorker: Project: /dev/null/inferredProject4*
Info 331  [12:55:47.280] Finishing updateGraphWorker: Project: /dev/null/inferredProject4* Version: 32 structureChanged: false Elapsed: 26.26591800013557ms
Info 332  [12:55:47.280] Different program with same set of files:: structureIsReused:: 2
Info 333  [12:55:47.560] Starting updateGraphWorker: Project: /dev/null/inferredProject4*
Info 334  [12:55:47.584] Finishing updateGraphWorker: Project: /dev/null/inferredProject4* Version: 33 structureChanged: false Elapsed: 23.39655700000003ms
Info 335  [12:55:47.584] Different program with same set of files:: structureIsReused:: 2
Info 336  [12:55:47.810] Starting updateGraphWorker: Project: /dev/null/inferredProject4*
Info 337  [12:55:47.833] Finishing updateGraphWorker: Project: /dev/null/inferredProject4* Version: 34 structureChanged: false Elapsed: 22.675171999726444ms
Info 338  [12:55:47.833] Different program with same set of files:: structureIsReused:: 2
Info 339  [12:55:48.072] Starting updateGraphWorker: Project: /dev/null/inferredProject4*
Info 340  [12:55:48.098] Finishing updateGraphWorker: Project: /dev/null/inferredProject4* Version: 35 structureChanged: false Elapsed: 25.83022699970752ms
Info 341  [12:55:48.098] Different program with same set of files:: structureIsReused:: 2
Info 342  [12:55:48.255] Starting updateGraphWorker: Project: /dev/null/inferredProject4*
Info 343  [12:55:48.275] Finishing updateGraphWorker: Project: /dev/null/inferredProject4* Version: 36 structureChanged: false Elapsed: 19.597818999551237ms
Info 344  [12:55:48.275] Different program with same set of files:: structureIsReused:: 2
Info 345  [12:55:48.607] Starting updateGraphWorker: Project: /dev/null/inferredProject4*
Info 346  [12:55:48.630] Finishing updateGraphWorker: Project: /dev/null/inferredProject4* Version: 37 structureChanged: false Elapsed: 22.830351000186056ms
Info 347  [12:55:48.630] Different program with same set of files:: structureIsReused:: 2
Info 348  [12:55:48.779] Starting updateGraphWorker: Project: /dev/null/inferredProject4*
Info 349  [12:55:48.804] Finishing updateGraphWorker: Project: /dev/null/inferredProject4* Version: 38 structureChanged: false Elapsed: 25.252011999953538ms
Info 350  [12:55:48.805] Different program with same set of files:: structureIsReused:: 2
Info 351  [12:55:48.875] Starting updateGraphWorker: Project: /dev/null/inferredProject4*
Info 352  [12:55:48.902] Finishing updateGraphWorker: Project: /dev/null/inferredProject4* Version: 39 structureChanged: false Elapsed: 26.9573149997741ms
Info 353  [12:55:48.902] Different program with same set of files:: structureIsReused:: 2
Info 354  [12:55:49.002] Starting updateGraphWorker: Project: /dev/null/inferredProject4*
Info 355  [12:55:49.037] Finishing updateGraphWorker: Project: /dev/null/inferredProject4* Version: 40 structureChanged: false Elapsed: 34.25015400024131ms
Info 356  [12:55:49.037] Different program with same set of files:: structureIsReused:: 2
Info 357  [12:55:49.166] Starting updateGraphWorker: Project: /dev/null/inferredProject4*
Info 358  [12:55:49.188] Finishing updateGraphWorker: Project: /dev/null/inferredProject4* Version: 41 structureChanged: false Elapsed: 22.78903800016269ms
Info 359  [12:55:49.189] Different program with same set of files:: structureIsReused:: 2
Info 360  [12:55:49.264] Starting updateGraphWorker: Project: /dev/null/inferredProject4*
Info 361  [12:55:49.287] Finishing updateGraphWorker: Project: /dev/null/inferredProject4* Version: 42 structureChanged: false Elapsed: 22.547549999784678ms
Info 362  [12:55:49.287] Different program with same set of files:: structureIsReused:: 2
Info 363  [12:55:49.511] Starting updateGraphWorker: Project: /dev/null/inferredProject4*
Info 364  [12:55:49.538] Finishing updateGraphWorker: Project: /dev/null/inferredProject4* Version: 43 structureChanged: false Elapsed: 27.096365000121295ms
Info 365  [12:55:49.538] Different program with same set of files:: structureIsReused:: 2
Info 366  [12:55:49.788] Starting updateGraphWorker: Project: /dev/null/inferredProject4*
Info 367  [12:55:49.807] Finishing updateGraphWorker: Project: /dev/null/inferredProject4* Version: 44 structureChanged: false Elapsed: 18.73312499979511ms
Info 368  [12:55:49.807] Different program with same set of files:: structureIsReused:: 2
Info 369  [12:55:49.916] Starting updateGraphWorker: Project: /dev/null/inferredProject4*
Info 370  [12:55:49.946] Finishing updateGraphWorker: Project: /dev/null/inferredProject4* Version: 45 structureChanged: false Elapsed: 30.438054000027478ms
Info 371  [12:55:49.946] Different program with same set of files:: structureIsReused:: 2
Info 372  [12:55:50.013] Starting updateGraphWorker: Project: /dev/null/inferredProject4*
Info 373  [12:55:50.036] Finishing updateGraphWorker: Project: /dev/null/inferredProject4* Version: 46 structureChanged: false Elapsed: 22.93391600018367ms
Info 374  [12:55:50.036] Different program with same set of files:: structureIsReused:: 2
Info 375  [12:55:50.151] Starting updateGraphWorker: Project: /dev/null/inferredProject4*
Info 376  [12:55:50.179] Finishing updateGraphWorker: Project: /dev/null/inferredProject4* Version: 47 structureChanged: false Elapsed: 28.186887999996543ms
Info 377  [12:55:50.179] Different program with same set of files:: structureIsReused:: 2
Info 378  [12:55:51.114] Starting updateGraphWorker: Project: /dev/null/inferredProject4*
Info 379  [12:55:51.137] Finishing updateGraphWorker: Project: /dev/null/inferredProject4* Version: 48 structureChanged: false Elapsed: 22.86738000018522ms
Info 380  [12:55:51.137] Different program with same set of files:: structureIsReused:: 2
Info 381  [12:55:51.295] Starting updateGraphWorker: Project: /dev/null/inferredProject4*
Info 382  [12:55:51.322] Finishing updateGraphWorker: Project: /dev/null/inferredProject4* Version: 49 structureChanged: false Elapsed: 26.550555999856442ms
Info 383  [12:55:51.322] Different program with same set of files:: structureIsReused:: 2
Info 384  [12:55:51.434] Starting updateGraphWorker: Project: /dev/null/inferredProject4*
Info 385  [12:55:51.461] Finishing updateGraphWorker: Project: /dev/null/inferredProject4* Version: 50 structureChanged: false Elapsed: 27.377368999645114ms
Info 386  [12:55:51.461] Different program with same set of files:: structureIsReused:: 2
Info 387  [12:55:51.718] Starting updateGraphWorker: Project: /dev/null/inferredProject4*
Info 388  [12:55:51.738] Finishing updateGraphWorker: Project: /dev/null/inferredProject4* Version: 51 structureChanged: false Elapsed: 20.574301999993622ms
Info 389  [12:55:51.738] Different program with same set of files:: structureIsReused:: 2
Info 390  [12:55:52.029] getCompletionData: Get current token: 0.007708999793976545
Info 391  [12:55:52.029] getCompletionData: Is inside comment: 0.003792999777942896
Info 392  [12:55:52.029] getCompletionData: Get previous token 1: 0.015178999863564968
Info 393  [12:55:52.029] getCompletionsAtPosition: isCompletionListBlocker: 0.01733399974182248
Info 394  [12:55:52.033] getSymbolsFromOtherSourceFileExports: Using cached list
Info 395  [12:55:52.034] getCompletionData: Semantic work: 5.037764999549836
Info 396  [12:55:52.039] getCompletionsAtPosition: getCompletionEntriesFromSymbols: 3.542723000049591
Info 397  [12:55:52.178] getCompletionData: Get current token: 0.008138000033795834
Info 398  [12:55:52.178] getCompletionData: Is inside comment: 0.004676000215113163
Info 399  [12:55:52.178] getCompletionData: Get previous token 1: 0.018157999962568283
Info 400  [12:55:52.178] getCompletionsAtPosition: isCompletionListBlocker: 0.01644499972462654
Info 401  [12:55:52.181] getSymbolsFromOtherSourceFileExports: Using cached list
Info 402  [12:55:52.182] getCompletionData: Semantic work: 3.3356890003196895
Info 403  [12:55:52.184] getCompletionsAtPosition: getCompletionEntriesFromSymbols: 2.3192790001630783
Info 404  [12:55:52.188] getCompletionData: Get current token: 0.005026999861001968
Info 405  [12:55:52.188] getCompletionData: Is inside comment: 0.005934999790042639
Info 406  [12:55:52.188] getCompletionData: Get previous token 1: 0.02459800010547042
Info 407  [12:55:52.188] getCompletionsAtPosition: isCompletionListBlocker: 0.01657100021839142
Info 408  [12:55:52.191] getSymbolsFromOtherSourceFileExports: Using cached list
Info 409  [12:55:52.192] getCompletionData: Semantic work: 3.5859119999222457
Info 410  [12:55:52.194] getCompletionsAtPosition: getCompletionEntriesFromSymbols: 2.452333000022918
